TN:
SF:controllers\accountsController.js
FN:6,(anonymous_0)
FN:50,(anonymous_1)
FN:54,(anonymous_2)
FN:72,(anonymous_3)
FN:93,(anonymous_4)
FN:114,(anonymous_5)
FN:150,(anonymous_6)
FNF:7
FNH:7
FNDA:4,(anonymous_0)
FNDA:3,(anonymous_1)
FNDA:2,(anonymous_2)
FNDA:2,(anonymous_3)
FNDA:2,(anonymous_4)
FNDA:2,(anonymous_5)
FNDA:2,(anonymous_6)
DA:1,1
DA:2,1
DA:6,1
DA:7,4
DA:8,4
DA:11,4
DA:13,3
DA:15,1
DA:19,1
DA:23,2
DA:38,2
DA:39,2
DA:41,2
DA:44,1
DA:45,1
DA:50,1
DA:52,3
DA:53,3
DA:54,2
DA:55,2
DA:56,1
DA:57,1
DA:59,1
DA:62,1
DA:66,0
DA:67,0
DA:72,1
DA:74,2
DA:75,2
DA:77,2
DA:81,2
DA:87,0
DA:88,0
DA:93,1
DA:95,2
DA:96,2
DA:98,2
DA:99,2
DA:101,2
DA:102,1
DA:105,1
DA:108,0
DA:109,0
DA:114,1
DA:116,2
DA:117,2
DA:118,2
DA:120,2
DA:126,2
DA:127,2
DA:132,2
DA:134,2
DA:135,1
DA:140,1
DA:144,0
DA:145,0
DA:150,1
DA:152,2
DA:153,2
DA:154,2
DA:156,2
DA:157,2
DA:158,1
DA:161,1
DA:163,1
DA:169,0
DA:170,0
DA:175,1
LF:68
LH:58
BRDA:13,0,0,1
BRDA:13,0,1,2
BRDA:31,1,0,2
BRDA:31,1,1,0
BRDA:32,2,0,2
BRDA:32,2,1,1
BRDA:53,3,0,2
BRDA:53,3,1,1
BRDA:55,4,0,1
BRDA:55,4,1,1
BRDA:101,5,0,1
BRDA:101,5,1,1
BRDA:134,6,0,1
BRDA:134,6,1,1
BRDA:157,7,0,1
BRDA:157,7,1,1
BRF:16
BRH:15
end_of_record
TN:
SF:controllers\categoriesController.js
FN:5,(anonymous_0)
FN:37,(anonymous_1)
FN:55,(anonymous_2)
FN:104,(anonymous_3)
FN:143,(anonymous_4)
FNF:5
FNH:5
FNDA:4,(anonymous_0)
FNDA:3,(anonymous_1)
FNDA:3,(anonymous_2)
FNDA:2,(anonymous_3)
FNDA:4,(anonymous_4)
DA:1,1
DA:2,1
DA:5,1
DA:7,4
DA:8,4
DA:9,4
DA:12,4
DA:22,4
DA:24,3
DA:31,1
DA:32,1
DA:37,1
DA:39,3
DA:40,3
DA:41,3
DA:43,2
DA:49,1
DA:50,1
DA:55,1
DA:57,3
DA:58,3
DA:60,3
DA:61,3
DA:63,3
DA:64,1
DA:68,2
DA:69,2
DA:70,1
DA:76,2
DA:81,2
DA:82,2
DA:86,2
DA:98,0
DA:99,0
DA:104,1
DA:106,2
DA:107,2
DA:108,2
DA:110,2
DA:119,2
DA:120,2
DA:125,2
DA:127,2
DA:128,1
DA:133,1
DA:137,0
DA:138,0
DA:143,1
DA:145,4
DA:146,4
DA:147,4
DA:149,4
DA:150,4
DA:151,1
DA:155,3
DA:159,3
DA:160,1
DA:166,2
DA:167,2
DA:171,2
DA:173,1
DA:183,1
DA:190,1
DA:192,1
DA:198,0
DA:199,0
DA:204,1
LF:67
LH:61
BRDA:14,0,0,4
BRDA:14,0,1,3
BRDA:15,1,0,1
BRDA:15,1,1,3
BRDA:16,2,0,4
BRDA:16,2,1,3
BRDA:17,3,0,1
BRDA:17,3,1,3
BRDA:63,4,0,1
BRDA:63,4,1,2
BRDA:69,5,0,1
BRDA:69,5,1,1
BRDA:88,6,0,1
BRDA:88,6,1,1
BRDA:113,7,0,0
BRDA:113,7,1,2
BRDA:127,8,0,1
BRDA:127,8,1,1
BRDA:150,9,0,1
BRDA:150,9,1,3
BRDA:159,10,0,1
BRDA:159,10,1,2
BRDA:171,11,0,1
BRDA:171,11,1,1
BRF:24
BRH:23
end_of_record
TN:
SF:controllers\ordersController.js
FN:5,(anonymous_0)
FN:90,(anonymous_1)
FN:112,(anonymous_2)
FN:143,(anonymous_3)
FN:179,(anonymous_4)
FN:226,(anonymous_5)
FNF:6
FNH:6
FNDA:4,(anonymous_0)
FNDA:1,(anonymous_1)
FNDA:2,(anonymous_2)
FNDA:2,(anonymous_3)
FNDA:2,(anonymous_4)
FNDA:2,(anonymous_5)
DA:1,1
DA:2,1
DA:5,1
DA:7,4
DA:8,4
DA:10,4
DA:11,4
DA:12,4
DA:15,4
DA:16,4
DA:17,4
DA:19,4
DA:20,1
DA:25,3
DA:26,1
DA:31,2
DA:32,1
DA:38,1
DA:39,1
DA:48,1
DA:51,1
DA:52,1
DA:63,1
DA:66,1
DA:67,1
DA:68,1
DA:77,1
DA:84,0
DA:85,0
DA:90,1
DA:92,1
DA:93,1
DA:96,1
DA:100,1
DA:106,0
DA:107,0
DA:112,1
DA:114,2
DA:115,2
DA:117,2
DA:118,2
DA:120,2
DA:121,1
DA:125,1
DA:126,1
DA:127,1
DA:128,1
DA:131,1
DA:137,0
DA:138,0
DA:143,1
DA:145,2
DA:146,2
DA:147,2
DA:149,2
DA:156,2
DA:157,2
DA:162,2
DA:163,2
DA:164,1
DA:169,1
DA:173,0
DA:174,0
DA:179,1
DA:181,2
DA:182,2
DA:183,2
DA:185,2
DA:186,2
DA:187,0
DA:191,2
DA:192,1
DA:198,1
DA:199,1
DA:201,1
DA:202,1
DA:212,1
DA:214,1
DA:220,0
DA:221,0
DA:226,1
DA:228,2
DA:229,2
DA:232,2
DA:245,2
DA:256,2
DA:275,2
DA:289,0
DA:290,0
DA:295,1
LF:90
LH:77
BRDA:19,0,0,1
BRDA:19,0,1,3
BRDA:25,1,0,1
BRDA:25,1,1,2
BRDA:31,2,0,1
BRDA:31,2,1,1
BRDA:42,3,0,1
BRDA:42,3,1,0
BRDA:120,4,0,1
BRDA:120,4,1,1
BRDA:126,5,0,1
BRDA:126,5,1,0
BRDA:152,6,0,0
BRDA:152,6,1,2
BRDA:163,7,0,1
BRDA:163,7,1,1
BRDA:186,8,0,0
BRDA:186,8,1,2
BRDA:191,9,0,1
BRDA:191,9,1,1
BRDA:198,10,0,1
BRDA:198,10,1,0
BRDA:277,11,0,2
BRDA:277,11,1,1
BRDA:281,12,0,2
BRDA:281,12,1,1
BRDA:282,13,0,2
BRDA:282,13,1,1
BRF:28
BRH:23
end_of_record
TN:
SF:controllers\paymentsController.js
FN:5,(anonymous_0)
FN:64,(anonymous_1)
FN:85,(anonymous_2)
FN:118,(anonymous_3)
FN:188,(anonymous_4)
FNF:5
FNH:5
FNDA:4,(anonymous_0)
FNDA:2,(anonymous_1)
FNDA:2,(anonymous_2)
FNDA:3,(anonymous_3)
FNDA:5,(anonymous_4)
DA:1,1
DA:2,1
DA:5,1
DA:7,4
DA:8,4
DA:11,4
DA:12,4
DA:14,4
DA:15,1
DA:19,3
DA:20,1
DA:24,2
DA:25,2
DA:37,2
DA:40,2
DA:51,2
DA:58,0
DA:59,0
DA:64,1
DA:66,2
DA:67,2
DA:69,2
DA:73,2
DA:79,0
DA:80,0
DA:85,1
DA:87,2
DA:88,2
DA:90,2
DA:91,2
DA:93,2
DA:94,1
DA:98,1
DA:99,1
DA:101,1
DA:112,0
DA:113,0
DA:118,1
DA:120,3
DA:121,3
DA:122,3
DA:124,3
DA:125,3
DA:127,3
DA:128,1
DA:131,2
DA:137,2
DA:143,2
DA:144,1
DA:145,1
DA:147,1
DA:158,1
DA:159,1
DA:160,1
DA:170,2
DA:172,2
DA:173,2
DA:178,0
DA:182,0
DA:183,0
DA:188,1
DA:190,5
DA:191,5
DA:192,5
DA:194,5
DA:195,5
DA:196,1
DA:200,4
DA:201,2
DA:207,2
DA:208,2
DA:218,2
DA:220,2
DA:226,0
DA:227,0
DA:232,1
LF:76
LH:65
BRDA:14,0,0,1
BRDA:14,0,1,3
BRDA:19,1,0,1
BRDA:19,1,1,2
BRDA:28,2,0,2
BRDA:28,2,1,2
BRDA:31,3,0,2
BRDA:31,3,1,1
BRDA:93,4,0,1
BRDA:93,4,1,1
BRDA:103,5,0,1
BRDA:103,5,1,0
BRDA:127,6,0,1
BRDA:127,6,1,2
BRDA:143,7,0,1
BRDA:143,7,1,1
BRDA:172,8,0,2
BRDA:172,8,1,0
BRDA:195,9,0,1
BRDA:195,9,1,4
BRDA:200,10,0,2
BRDA:200,10,1,2
BRF:22
BRH:20
end_of_record
TN:
SF:controllers\productsController.js
FN:5,(anonymous_0)
FN:40,(anonymous_1)
FN:80,(anonymous_2)
FN:108,(anonymous_3)
FN:147,(anonymous_4)
FNF:5
FNH:5
FNDA:2,(anonymous_0)
FNDA:2,(anonymous_1)
FNDA:2,(anonymous_2)
FNDA:2,(anonymous_3)
FNDA:3,(anonymous_4)
DA:1,1
DA:2,1
DA:5,1
DA:7,2
DA:8,2
DA:11,2
DA:12,2
DA:25,2
DA:27,1
DA:34,1
DA:35,1
DA:40,1
DA:42,2
DA:43,2
DA:46,2
DA:47,2
DA:50,2
DA:51,1
DA:55,2
DA:56,0
DA:57,0
DA:58,0
DA:62,2
DA:63,0
DA:66,2
DA:68,2
DA:74,0
DA:75,0
DA:80,1
DA:82,2
DA:83,2
DA:85,2
DA:86,2
DA:88,2
DA:89,1
DA:93,1
DA:94,1
DA:96,1
DA:102,0
DA:103,0
DA:108,1
DA:110,2
DA:111,2
DA:112,2
DA:115,2
DA:121,2
DA:123,2
DA:124,2
DA:130,2
DA:132,2
DA:133,1
DA:137,1
DA:141,0
DA:142,0
DA:147,1
DA:149,3
DA:150,3
DA:151,3
DA:154,3
DA:155,3
DA:156,1
DA:160,2
DA:161,2
DA:165,2
DA:167,1
DA:177,1
DA:184,1
DA:186,1
DA:192,0
DA:193,0
DA:198,1
LF:71
LH:59
BRDA:14,0,0,2
BRDA:14,0,1,1
BRDA:15,1,0,2
BRDA:15,1,1,0
BRDA:16,2,0,2
BRDA:16,2,1,0
BRDA:17,3,0,2
BRDA:17,3,1,1
BRDA:18,4,0,2
BRDA:18,4,1,1
BRDA:19,5,0,2
BRDA:19,5,1,1
BRDA:20,6,0,1
BRDA:20,6,1,1
BRDA:50,7,0,1
BRDA:50,7,1,1
BRDA:55,8,0,0
BRDA:55,8,1,2
BRDA:55,9,0,2
BRDA:55,9,1,2
BRDA:57,10,0,0
BRDA:57,10,1,0
BRDA:58,11,0,0
BRDA:58,11,1,0
BRDA:62,12,0,0
BRDA:62,12,1,2
BRDA:88,13,0,1
BRDA:88,13,1,1
BRDA:98,14,0,1
BRDA:98,14,1,0
BRDA:132,15,0,1
BRDA:132,15,1,1
BRDA:155,16,0,1
BRDA:155,16,1,2
BRDA:165,17,0,1
BRDA:165,17,1,1
BRF:36
BRH:27
end_of_record
